2021-09-08 04:15:35,072 DEBUG [main] cache:45 - Couldn't find template in cache for "Extent.ftl"("en_LK", UTF-8, parsed); will try to load it.
2021-09-08 04:15:35,075 DEBUG [main] cache:45 - TemplateLoader.findTemplateSource("Extent_en_LK.ftl"): Not found
2021-09-08 04:15:35,077 DEBUG [main] cache:45 - TemplateLoader.findTemplateSource("Extent_en.ftl"): Not found
2021-09-08 04:15:35,079 DEBUG [main] cache:45 - TemplateLoader.findTemplateSource("Extent.ftl"): Found
2021-09-08 04:15:35,080 DEBUG [main] cache:45 - Loading template for "Extent.ftl"("en_LK", UTF-8, parsed) from "jar:file:/Users/methuliakithma/.m2/repository/com/relevantcodes/extentreports/2.41.2/extentreports-2.41.2.jar!/com/relevantcodes/extentreports/view/Extent.ftl"
2021-09-08 04:15:35,325 DEBUG [main] cache:45 - Couldn't find template in cache for "Extent.ftl"("en_LK", UTF-8, parsed); will try to load it.
2021-09-08 04:15:35,326 DEBUG [main] cache:45 - TemplateLoader.findTemplateSource("Extent_en_LK.ftl"): Not found
2021-09-08 04:15:35,327 DEBUG [main] cache:45 - TemplateLoader.findTemplateSource("Extent_en.ftl"): Not found
2021-09-08 04:15:35,327 DEBUG [main] cache:45 - TemplateLoader.findTemplateSource("Extent.ftl"): Found
2021-09-08 04:15:35,328 DEBUG [main] cache:45 - Loading template for "Extent.ftl"("en_LK", UTF-8, parsed) from "jar:file:/Users/methuliakithma/.m2/repository/com/relevantcodes/extentreports/2.41.2/extentreports-2.41.2.jar!/com/relevantcodes/extentreports/view/Extent.ftl"
2021-09-08 08:43:05,181 DEBUG [main] cache:45 - Couldn't find template in cache for "Extent.ftl"("en_LK", UTF-8, parsed); will try to load it.
2021-09-08 08:43:05,185 DEBUG [main] cache:45 - TemplateLoader.findTemplateSource("Extent_en_LK.ftl"): Not found
2021-09-08 08:43:05,188 DEBUG [main] cache:45 - TemplateLoader.findTemplateSource("Extent_en.ftl"): Not found
2021-09-08 08:43:05,188 DEBUG [main] cache:45 - TemplateLoader.findTemplateSource("Extent.ftl"): Found
2021-09-08 08:43:05,189 DEBUG [main] cache:45 - Loading template for "Extent.ftl"("en_LK", UTF-8, parsed) from "jar:file:/Users/methuliakithma/.m2/repository/com/relevantcodes/extentreports/2.41.2/extentreports-2.41.2.jar!/com/relevantcodes/extentreports/view/Extent.ftl"
2021-09-08 08:43:05,474 DEBUG [main] cache:45 - Couldn't find template in cache for "Extent.ftl"("en_LK", UTF-8, parsed); will try to load it.
2021-09-08 08:43:05,479 DEBUG [main] cache:45 - TemplateLoader.findTemplateSource("Extent_en_LK.ftl"): Not found
2021-09-08 08:43:05,480 DEBUG [main] cache:45 - TemplateLoader.findTemplateSource("Extent_en.ftl"): Not found
2021-09-08 08:43:05,481 DEBUG [main] cache:45 - TemplateLoader.findTemplateSource("Extent.ftl"): Found
2021-09-08 08:43:05,482 DEBUG [main] cache:45 - Loading template for "Extent.ftl"("en_LK", UTF-8, parsed) from "jar:file:/Users/methuliakithma/.m2/repository/com/relevantcodes/extentreports/2.41.2/extentreports-2.41.2.jar!/com/relevantcodes/extentreports/view/Extent.ftl"
2022-09-21 09:45:12,111 DEBUG [main] cache:45 - Couldn't find template in cache for "Extent.ftl"("en_US", UTF-8, parsed); will try to load it.
2022-09-21 09:45:12,116 DEBUG [main] cache:45 - TemplateLoader.findTemplateSource("Extent_en_US.ftl"): Not found
2022-09-21 09:45:12,120 DEBUG [main] cache:45 - TemplateLoader.findTemplateSource("Extent_en.ftl"): Not found
2022-09-21 09:45:12,122 DEBUG [main] cache:45 - TemplateLoader.findTemplateSource("Extent.ftl"): Found
2022-09-21 09:45:12,123 DEBUG [main] cache:45 - Loading template for "Extent.ftl"("en_US", UTF-8, parsed) from "jar:file:/C:/Users/Admin/.m2/repository/com/relevantcodes/extentreports/2.41.2/extentreports-2.41.2.jar!/com/relevantcodes/extentreports/view/Extent.ftl"
2022-09-21 09:45:12,578 DEBUG [main] cache:45 - Couldn't find template in cache for "Extent.ftl"("en_US", UTF-8, parsed); will try to load it.
2022-09-21 09:45:12,578 DEBUG [main] cache:45 - TemplateLoader.findTemplateSource("Extent_en_US.ftl"): Not found
2022-09-21 09:45:12,579 DEBUG [main] cache:45 - TemplateLoader.findTemplateSource("Extent_en.ftl"): Not found
2022-09-21 09:45:12,580 DEBUG [main] cache:45 - TemplateLoader.findTemplateSource("Extent.ftl"): Found
2022-09-21 09:45:12,580 DEBUG [main] cache:45 - Loading template for "Extent.ftl"("en_US", UTF-8, parsed) from "jar:file:/C:/Users/Admin/.m2/repository/com/relevantcodes/extentreports/2.41.2/extentreports-2.41.2.jar!/com/relevantcodes/extentreports/view/Extent.ftl"
2022-09-21 16:01:01,479 DEBUG [main] cache:45 - Couldn't find template in cache for "Extent.ftl"("en_US", UTF-8, parsed); will try to load it.
2022-09-21 16:01:01,495 DEBUG [main] cache:45 - TemplateLoader.findTemplateSource("Extent_en_US.ftl"): Not found
2022-09-21 16:01:01,497 DEBUG [main] cache:45 - TemplateLoader.findTemplateSource("Extent_en.ftl"): Not found
2022-09-21 16:01:01,498 DEBUG [main] cache:45 - TemplateLoader.findTemplateSource("Extent.ftl"): Found
2022-09-21 16:01:01,499 DEBUG [main] cache:45 - Loading template for "Extent.ftl"("en_US", UTF-8, parsed) from "jar:file:/C:/Users/Admin/.m2/repository/com/relevantcodes/extentreports/2.41.2/extentreports-2.41.2.jar!/com/relevantcodes/extentreports/view/Extent.ftl"
2022-09-21 16:01:02,006 DEBUG [main] cache:45 - Couldn't find template in cache for "Extent.ftl"("en_US", UTF-8, parsed); will try to load it.
2022-09-21 16:01:02,008 DEBUG [main] cache:45 - TemplateLoader.findTemplateSource("Extent_en_US.ftl"): Not found
2022-09-21 16:01:02,009 DEBUG [main] cache:45 - TemplateLoader.findTemplateSource("Extent_en.ftl"): Not found
2022-09-21 16:01:02,010 DEBUG [main] cache:45 - TemplateLoader.findTemplateSource("Extent.ftl"): Found
2022-09-21 16:01:02,010 DEBUG [main] cache:45 - Loading template for "Extent.ftl"("en_US", UTF-8, parsed) from "jar:file:/C:/Users/Admin/.m2/repository/com/relevantcodes/extentreports/2.41.2/extentreports-2.41.2.jar!/com/relevantcodes/extentreports/view/Extent.ftl"
2022-09-21 18:44:50,709 DEBUG [main] cache:45 - Couldn't find template in cache for "Extent.ftl"("en_US", UTF-8, parsed); will try to load it.
2022-09-21 18:44:50,713 DEBUG [main] cache:45 - TemplateLoader.findTemplateSource("Extent_en_US.ftl"): Not found
2022-09-21 18:44:50,715 DEBUG [main] cache:45 - TemplateLoader.findTemplateSource("Extent_en.ftl"): Not found
2022-09-21 18:44:50,716 DEBUG [main] cache:45 - TemplateLoader.findTemplateSource("Extent.ftl"): Found
2022-09-21 18:44:50,717 DEBUG [main] cache:45 - Loading template for "Extent.ftl"("en_US", UTF-8, parsed) from "jar:file:/C:/Users/Admin/.m2/repository/com/relevantcodes/extentreports/2.41.2/extentreports-2.41.2.jar!/com/relevantcodes/extentreports/view/Extent.ftl"
2022-09-21 18:44:51,149 DEBUG [main] cache:45 - Couldn't find template in cache for "Extent.ftl"("en_US", UTF-8, parsed); will try to load it.
2022-09-21 18:44:51,155 DEBUG [main] cache:45 - TemplateLoader.findTemplateSource("Extent_en_US.ftl"): Not found
2022-09-21 18:44:51,162 DEBUG [main] cache:45 - TemplateLoader.findTemplateSource("Extent_en.ftl"): Not found
2022-09-21 18:44:51,164 DEBUG [main] cache:45 - TemplateLoader.findTemplateSource("Extent.ftl"): Found
2022-09-21 18:44:51,165 DEBUG [main] cache:45 - Loading template for "Extent.ftl"("en_US", UTF-8, parsed) from "jar:file:/C:/Users/Admin/.m2/repository/com/relevantcodes/extentreports/2.41.2/extentreports-2.41.2.jar!/com/relevantcodes/extentreports/view/Extent.ftl"
2022-09-21 18:53:13,733 DEBUG [main] cache:45 - Couldn't find template in cache for "Extent.ftl"("en_US", UTF-8, parsed); will try to load it.
2022-09-21 18:53:13,738 DEBUG [main] cache:45 - TemplateLoader.findTemplateSource("Extent_en_US.ftl"): Not found
2022-09-21 18:53:13,744 DEBUG [main] cache:45 - TemplateLoader.findTemplateSource("Extent_en.ftl"): Not found
2022-09-21 18:53:13,746 DEBUG [main] cache:45 - TemplateLoader.findTemplateSource("Extent.ftl"): Found
2022-09-21 18:53:13,747 DEBUG [main] cache:45 - Loading template for "Extent.ftl"("en_US", UTF-8, parsed) from "jar:file:/C:/Users/Admin/.m2/repository/com/relevantcodes/extentreports/2.41.2/extentreports-2.41.2.jar!/com/relevantcodes/extentreports/view/Extent.ftl"
2022-09-21 18:53:14,242 DEBUG [main] cache:45 - Couldn't find template in cache for "Extent.ftl"("en_US", UTF-8, parsed); will try to load it.
2022-09-21 18:53:14,243 DEBUG [main] cache:45 - TemplateLoader.findTemplateSource("Extent_en_US.ftl"): Not found
2022-09-21 18:53:14,244 DEBUG [main] cache:45 - TemplateLoader.findTemplateSource("Extent_en.ftl"): Not found
2022-09-21 18:53:14,244 DEBUG [main] cache:45 - TemplateLoader.findTemplateSource("Extent.ftl"): Found
2022-09-21 18:53:14,245 DEBUG [main] cache:45 - Loading template for "Extent.ftl"("en_US", UTF-8, parsed) from "jar:file:/C:/Users/Admin/.m2/repository/com/relevantcodes/extentreports/2.41.2/extentreports-2.41.2.jar!/com/relevantcodes/extentreports/view/Extent.ftl"
2022-09-25 14:49:42,015 DEBUG [main] cache:45 - Couldn't find template in cache for "Extent.ftl"("en_US", UTF-8, parsed); will try to load it.
2022-09-25 14:49:42,043 DEBUG [main] cache:45 - TemplateLoader.findTemplateSource("Extent_en_US.ftl"): Not found
2022-09-25 14:49:42,045 DEBUG [main] cache:45 - TemplateLoader.findTemplateSource("Extent_en.ftl"): Not found
2022-09-25 14:49:42,045 DEBUG [main] cache:45 - TemplateLoader.findTemplateSource("Extent.ftl"): Found
2022-09-25 14:49:42,045 DEBUG [main] cache:45 - Loading template for "Extent.ftl"("en_US", UTF-8, parsed) from "jar:file:/C:/Users/Admin/.m2/repository/com/relevantcodes/extentreports/2.41.2/extentreports-2.41.2.jar!/com/relevantcodes/extentreports/view/Extent.ftl"
2022-09-25 14:49:42,478 DEBUG [main] cache:45 - Couldn't find template in cache for "Extent.ftl"("en_US", UTF-8, parsed); will try to load it.
2022-09-25 14:49:42,478 DEBUG [main] cache:45 - TemplateLoader.findTemplateSource("Extent_en_US.ftl"): Not found
2022-09-25 14:49:42,478 DEBUG [main] cache:45 - TemplateLoader.findTemplateSource("Extent_en.ftl"): Not found
2022-09-25 14:49:42,478 DEBUG [main] cache:45 - TemplateLoader.findTemplateSource("Extent.ftl"): Found
2022-09-25 14:49:42,478 DEBUG [main] cache:45 - Loading template for "Extent.ftl"("en_US", UTF-8, parsed) from "jar:file:/C:/Users/Admin/.m2/repository/com/relevantcodes/extentreports/2.41.2/extentreports-2.41.2.jar!/com/relevantcodes/extentreports/view/Extent.ftl"
2022-09-25 14:51:30,369 DEBUG [main] cache:45 - Couldn't find template in cache for "Extent.ftl"("en_US", UTF-8, parsed); will try to load it.
2022-09-25 14:51:30,371 DEBUG [main] cache:45 - TemplateLoader.findTemplateSource("Extent_en_US.ftl"): Not found
2022-09-25 14:51:30,371 DEBUG [main] cache:45 - TemplateLoader.findTemplateSource("Extent_en.ftl"): Not found
2022-09-25 14:51:30,379 DEBUG [main] cache:45 - TemplateLoader.findTemplateSource("Extent.ftl"): Found
2022-09-25 14:51:30,379 DEBUG [main] cache:45 - Loading template for "Extent.ftl"("en_US", UTF-8, parsed) from "jar:file:/C:/Users/Admin/.m2/repository/com/relevantcodes/extentreports/2.41.2/extentreports-2.41.2.jar!/com/relevantcodes/extentreports/view/Extent.ftl"
2022-09-25 14:51:30,863 DEBUG [main] cache:45 - Couldn't find template in cache for "Extent.ftl"("en_US", UTF-8, parsed); will try to load it.
2022-09-25 14:51:30,865 DEBUG [main] cache:45 - TemplateLoader.findTemplateSource("Extent_en_US.ftl"): Not found
2022-09-25 14:51:30,865 DEBUG [main] cache:45 - TemplateLoader.findTemplateSource("Extent_en.ftl"): Not found
2022-09-25 14:51:30,865 DEBUG [main] cache:45 - TemplateLoader.findTemplateSource("Extent.ftl"): Found
2022-09-25 14:51:30,865 DEBUG [main] cache:45 - Loading template for "Extent.ftl"("en_US", UTF-8, parsed) from "jar:file:/C:/Users/Admin/.m2/repository/com/relevantcodes/extentreports/2.41.2/extentreports-2.41.2.jar!/com/relevantcodes/extentreports/view/Extent.ftl"
2022-09-25 14:56:15,190 DEBUG [main] cache:45 - Couldn't find template in cache for "Extent.ftl"("en_US", UTF-8, parsed); will try to load it.
2022-09-25 14:56:15,198 DEBUG [main] cache:45 - TemplateLoader.findTemplateSource("Extent_en_US.ftl"): Not found
2022-09-25 14:56:15,200 DEBUG [main] cache:45 - TemplateLoader.findTemplateSource("Extent_en.ftl"): Not found
2022-09-25 14:56:15,200 DEBUG [main] cache:45 - TemplateLoader.findTemplateSource("Extent.ftl"): Found
2022-09-25 14:56:15,200 DEBUG [main] cache:45 - Loading template for "Extent.ftl"("en_US", UTF-8, parsed) from "jar:file:/C:/Users/Admin/.m2/repository/com/relevantcodes/extentreports/2.41.2/extentreports-2.41.2.jar!/com/relevantcodes/extentreports/view/Extent.ftl"
2022-09-25 14:56:15,541 DEBUG [main] cache:45 - Couldn't find template in cache for "Extent.ftl"("en_US", UTF-8, parsed); will try to load it.
2022-09-25 14:56:15,541 DEBUG [main] cache:45 - TemplateLoader.findTemplateSource("Extent_en_US.ftl"): Not found
2022-09-25 14:56:15,541 DEBUG [main] cache:45 - TemplateLoader.findTemplateSource("Extent_en.ftl"): Not found
2022-09-25 14:56:15,541 DEBUG [main] cache:45 - TemplateLoader.findTemplateSource("Extent.ftl"): Found
2022-09-25 14:56:15,541 DEBUG [main] cache:45 - Loading template for "Extent.ftl"("en_US", UTF-8, parsed) from "jar:file:/C:/Users/Admin/.m2/repository/com/relevantcodes/extentreports/2.41.2/extentreports-2.41.2.jar!/com/relevantcodes/extentreports/view/Extent.ftl"
2022-09-25 15:05:06,947 DEBUG [main] cache:45 - Couldn't find template in cache for "Extent.ftl"("en_US", UTF-8, parsed); will try to load it.
2022-09-25 15:05:06,949 DEBUG [main] cache:45 - TemplateLoader.findTemplateSource("Extent_en_US.ftl"): Not found
2022-09-25 15:05:06,949 DEBUG [main] cache:45 - TemplateLoader.findTemplateSource("Extent_en.ftl"): Not found
2022-09-25 15:05:06,957 DEBUG [main] cache:45 - TemplateLoader.findTemplateSource("Extent.ftl"): Found
2022-09-25 15:05:06,959 DEBUG [main] cache:45 - Loading template for "Extent.ftl"("en_US", UTF-8, parsed) from "jar:file:/C:/Users/Admin/.m2/repository/com/relevantcodes/extentreports/2.41.2/extentreports-2.41.2.jar!/com/relevantcodes/extentreports/view/Extent.ftl"
2022-09-25 15:05:07,453 DEBUG [main] cache:45 - Couldn't find template in cache for "Extent.ftl"("en_US", UTF-8, parsed); will try to load it.
2022-09-25 15:05:07,453 DEBUG [main] cache:45 - TemplateLoader.findTemplateSource("Extent_en_US.ftl"): Not found
2022-09-25 15:05:07,453 DEBUG [main] cache:45 - TemplateLoader.findTemplateSource("Extent_en.ftl"): Not found
2022-09-25 15:05:07,461 DEBUG [main] cache:45 - TemplateLoader.findTemplateSource("Extent.ftl"): Found
2022-09-25 15:05:07,461 DEBUG [main] cache:45 - Loading template for "Extent.ftl"("en_US", UTF-8, parsed) from "jar:file:/C:/Users/Admin/.m2/repository/com/relevantcodes/extentreports/2.41.2/extentreports-2.41.2.jar!/com/relevantcodes/extentreports/view/Extent.ftl"
2022-09-25 15:11:49,114 DEBUG [main] cache:45 - Couldn't find template in cache for "Extent.ftl"("en_US", UTF-8, parsed); will try to load it.
2022-09-25 15:11:49,129 DEBUG [main] cache:45 - TemplateLoader.findTemplateSource("Extent_en_US.ftl"): Not found
2022-09-25 15:11:49,129 DEBUG [main] cache:45 - TemplateLoader.findTemplateSource("Extent_en.ftl"): Not found
2022-09-25 15:11:49,129 DEBUG [main] cache:45 - TemplateLoader.findTemplateSource("Extent.ftl"): Found
2022-09-25 15:11:49,129 DEBUG [main] cache:45 - Loading template for "Extent.ftl"("en_US", UTF-8, parsed) from "jar:file:/C:/Users/Admin/.m2/repository/com/relevantcodes/extentreports/2.41.2/extentreports-2.41.2.jar!/com/relevantcodes/extentreports/view/Extent.ftl"
2022-09-25 15:11:49,487 DEBUG [main] cache:45 - Couldn't find template in cache for "Extent.ftl"("en_US", UTF-8, parsed); will try to load it.
2022-09-25 15:11:49,487 DEBUG [main] cache:45 - TemplateLoader.findTemplateSource("Extent_en_US.ftl"): Not found
2022-09-25 15:11:49,487 DEBUG [main] cache:45 - TemplateLoader.findTemplateSource("Extent_en.ftl"): Not found
2022-09-25 15:11:49,487 DEBUG [main] cache:45 - TemplateLoader.findTemplateSource("Extent.ftl"): Found
2022-09-25 15:11:49,487 DEBUG [main] cache:45 - Loading template for "Extent.ftl"("en_US", UTF-8, parsed) from "jar:file:/C:/Users/Admin/.m2/repository/com/relevantcodes/extentreports/2.41.2/extentreports-2.41.2.jar!/com/relevantcodes/extentreports/view/Extent.ftl"
2022-09-25 15:24:49,123 DEBUG [main] cache:45 - Couldn't find template in cache for "Extent.ftl"("en_US", UTF-8, parsed); will try to load it.
2022-09-25 15:24:49,123 DEBUG [main] cache:45 - TemplateLoader.findTemplateSource("Extent_en_US.ftl"): Not found
2022-09-25 15:24:49,123 DEBUG [main] cache:45 - TemplateLoader.findTemplateSource("Extent_en.ftl"): Not found
2022-09-25 15:24:49,123 DEBUG [main] cache:45 - TemplateLoader.findTemplateSource("Extent.ftl"): Found
2022-09-25 15:24:49,139 DEBUG [main] cache:45 - Loading template for "Extent.ftl"("en_US", UTF-8, parsed) from "jar:file:/C:/Users/Admin/.m2/repository/com/relevantcodes/extentreports/2.41.2/extentreports-2.41.2.jar!/com/relevantcodes/extentreports/view/Extent.ftl"
2022-09-25 15:24:49,485 DEBUG [main] cache:45 - Couldn't find template in cache for "Extent.ftl"("en_US", UTF-8, parsed); will try to load it.
2022-09-25 15:24:49,485 DEBUG [main] cache:45 - TemplateLoader.findTemplateSource("Extent_en_US.ftl"): Not found
2022-09-25 15:24:49,485 DEBUG [main] cache:45 - TemplateLoader.findTemplateSource("Extent_en.ftl"): Not found
2022-09-25 15:24:49,485 DEBUG [main] cache:45 - TemplateLoader.findTemplateSource("Extent.ftl"): Found
2022-09-25 15:24:49,485 DEBUG [main] cache:45 - Loading template for "Extent.ftl"("en_US", UTF-8, parsed) from "jar:file:/C:/Users/Admin/.m2/repository/com/relevantcodes/extentreports/2.41.2/extentreports-2.41.2.jar!/com/relevantcodes/extentreports/view/Extent.ftl"
2022-09-25 15:33:46,274 DEBUG [main] cache:45 - Couldn't find template in cache for "Extent.ftl"("en_US", UTF-8, parsed); will try to load it.
2022-09-25 15:33:46,292 DEBUG [main] cache:45 - TemplateLoader.findTemplateSource("Extent_en_US.ftl"): Not found
2022-09-25 15:33:46,294 DEBUG [main] cache:45 - TemplateLoader.findTemplateSource("Extent_en.ftl"): Not found
2022-09-25 15:33:46,315 DEBUG [main] cache:45 - TemplateLoader.findTemplateSource("Extent.ftl"): Found
2022-09-25 15:33:46,315 DEBUG [main] cache:45 - Loading template for "Extent.ftl"("en_US", UTF-8, parsed) from "jar:file:/C:/Users/Admin/.m2/repository/com/relevantcodes/extentreports/2.41.2/extentreports-2.41.2.jar!/com/relevantcodes/extentreports/view/Extent.ftl"
2022-09-25 15:33:46,813 DEBUG [main] cache:45 - Couldn't find template in cache for "Extent.ftl"("en_US", UTF-8, parsed); will try to load it.
2022-09-25 15:33:46,813 DEBUG [main] cache:45 - TemplateLoader.findTemplateSource("Extent_en_US.ftl"): Not found
2022-09-25 15:33:46,813 DEBUG [main] cache:45 - TemplateLoader.findTemplateSource("Extent_en.ftl"): Not found
2022-09-25 15:33:46,813 DEBUG [main] cache:45 - TemplateLoader.findTemplateSource("Extent.ftl"): Found
2022-09-25 15:33:46,813 DEBUG [main] cache:45 - Loading template for "Extent.ftl"("en_US", UTF-8, parsed) from "jar:file:/C:/Users/Admin/.m2/repository/com/relevantcodes/extentreports/2.41.2/extentreports-2.41.2.jar!/com/relevantcodes/extentreports/view/Extent.ftl"
2022-09-25 15:45:56,761 DEBUG [main] cache:45 - Couldn't find template in cache for "Extent.ftl"("en_US", UTF-8, parsed); will try to load it.
2022-09-25 15:45:56,761 DEBUG [main] cache:45 - TemplateLoader.findTemplateSource("Extent_en_US.ftl"): Not found
2022-09-25 15:45:56,769 DEBUG [main] cache:45 - TemplateLoader.findTemplateSource("Extent_en.ftl"): Not found
2022-09-25 15:45:56,771 DEBUG [main] cache:45 - TemplateLoader.findTemplateSource("Extent.ftl"): Found
2022-09-25 15:45:56,771 DEBUG [main] cache:45 - Loading template for "Extent.ftl"("en_US", UTF-8, parsed) from "jar:file:/C:/Users/Admin/.m2/repository/com/relevantcodes/extentreports/2.41.2/extentreports-2.41.2.jar!/com/relevantcodes/extentreports/view/Extent.ftl"
2022-09-25 15:45:57,205 DEBUG [main] cache:45 - Couldn't find template in cache for "Extent.ftl"("en_US", UTF-8, parsed); will try to load it.
2022-09-25 15:45:57,205 DEBUG [main] cache:45 - TemplateLoader.findTemplateSource("Extent_en_US.ftl"): Not found
2022-09-25 15:45:57,205 DEBUG [main] cache:45 - TemplateLoader.findTemplateSource("Extent_en.ftl"): Not found
2022-09-25 15:45:57,205 DEBUG [main] cache:45 - TemplateLoader.findTemplateSource("Extent.ftl"): Found
2022-09-25 15:45:57,205 DEBUG [main] cache:45 - Loading template for "Extent.ftl"("en_US", UTF-8, parsed) from "jar:file:/C:/Users/Admin/.m2/repository/com/relevantcodes/extentreports/2.41.2/extentreports-2.41.2.jar!/com/relevantcodes/extentreports/view/Extent.ftl"
2022-09-25 15:53:00,945 DEBUG [main] cache:45 - Couldn't find template in cache for "Extent.ftl"("en_US", UTF-8, parsed); will try to load it.
2022-09-25 15:53:00,947 DEBUG [main] cache:45 - TemplateLoader.findTemplateSource("Extent_en_US.ftl"): Not found
2022-09-25 15:53:00,947 DEBUG [main] cache:45 - TemplateLoader.findTemplateSource("Extent_en.ftl"): Not found
2022-09-25 15:53:00,955 DEBUG [main] cache:45 - TemplateLoader.findTemplateSource("Extent.ftl"): Found
2022-09-25 15:53:00,957 DEBUG [main] cache:45 - Loading template for "Extent.ftl"("en_US", UTF-8, parsed) from "jar:file:/C:/Users/Admin/.m2/repository/com/relevantcodes/extentreports/2.41.2/extentreports-2.41.2.jar!/com/relevantcodes/extentreports/view/Extent.ftl"
2022-09-25 15:53:01,338 DEBUG [main] cache:45 - Couldn't find template in cache for "Extent.ftl"("en_US", UTF-8, parsed); will try to load it.
2022-09-25 15:53:01,338 DEBUG [main] cache:45 - TemplateLoader.findTemplateSource("Extent_en_US.ftl"): Not found
2022-09-25 15:53:01,340 DEBUG [main] cache:45 - TemplateLoader.findTemplateSource("Extent_en.ftl"): Not found
2022-09-25 15:53:01,340 DEBUG [main] cache:45 - TemplateLoader.findTemplateSource("Extent.ftl"): Found
2022-09-25 15:53:01,340 DEBUG [main] cache:45 - Loading template for "Extent.ftl"("en_US", UTF-8, parsed) from "jar:file:/C:/Users/Admin/.m2/repository/com/relevantcodes/extentreports/2.41.2/extentreports-2.41.2.jar!/com/relevantcodes/extentreports/view/Extent.ftl"
2022-09-25 15:55:15,209 DEBUG [main] cache:45 - Couldn't find template in cache for "Extent.ftl"("en_US", UTF-8, parsed); will try to load it.
2022-09-25 15:55:15,219 DEBUG [main] cache:45 - TemplateLoader.findTemplateSource("Extent_en_US.ftl"): Not found
2022-09-25 15:55:15,219 DEBUG [main] cache:45 - TemplateLoader.findTemplateSource("Extent_en.ftl"): Not found
2022-09-25 15:55:15,219 DEBUG [main] cache:45 - TemplateLoader.findTemplateSource("Extent.ftl"): Found
2022-09-25 15:55:15,219 DEBUG [main] cache:45 - Loading template for "Extent.ftl"("en_US", UTF-8, parsed) from "jar:file:/C:/Users/Admin/.m2/repository/com/relevantcodes/extentreports/2.41.2/extentreports-2.41.2.jar!/com/relevantcodes/extentreports/view/Extent.ftl"
2022-09-25 15:55:15,653 DEBUG [main] cache:45 - Couldn't find template in cache for "Extent.ftl"("en_US", UTF-8, parsed); will try to load it.
2022-09-25 15:55:15,653 DEBUG [main] cache:45 - TemplateLoader.findTemplateSource("Extent_en_US.ftl"): Not found
2022-09-25 15:55:15,653 DEBUG [main] cache:45 - TemplateLoader.findTemplateSource("Extent_en.ftl"): Not found
2022-09-25 15:55:15,653 DEBUG [main] cache:45 - TemplateLoader.findTemplateSource("Extent.ftl"): Found
2022-09-25 15:55:15,653 DEBUG [main] cache:45 - Loading template for "Extent.ftl"("en_US", UTF-8, parsed) from "jar:file:/C:/Users/Admin/.m2/repository/com/relevantcodes/extentreports/2.41.2/extentreports-2.41.2.jar!/com/relevantcodes/extentreports/view/Extent.ftl"
2022-09-25 16:00:52,877 DEBUG [main] cache:45 - Couldn't find template in cache for "Extent.ftl"("en_US", UTF-8, parsed); will try to load it.
2022-09-25 16:00:52,893 DEBUG [main] cache:45 - TemplateLoader.findTemplateSource("Extent_en_US.ftl"): Not found
2022-09-25 16:00:52,893 DEBUG [main] cache:45 - TemplateLoader.findTemplateSource("Extent_en.ftl"): Not found
2022-09-25 16:00:52,893 DEBUG [main] cache:45 - TemplateLoader.findTemplateSource("Extent.ftl"): Found
2022-09-25 16:00:52,893 DEBUG [main] cache:45 - Loading template for "Extent.ftl"("en_US", UTF-8, parsed) from "jar:file:/C:/Users/Admin/.m2/repository/com/relevantcodes/extentreports/2.41.2/extentreports-2.41.2.jar!/com/relevantcodes/extentreports/view/Extent.ftl"
2022-09-25 16:00:53,194 DEBUG [main] cache:45 - Couldn't find template in cache for "Extent.ftl"("en_US", UTF-8, parsed); will try to load it.
2022-09-25 16:00:53,194 DEBUG [main] cache:45 - TemplateLoader.findTemplateSource("Extent_en_US.ftl"): Not found
2022-09-25 16:00:53,194 DEBUG [main] cache:45 - TemplateLoader.findTemplateSource("Extent_en.ftl"): Not found
2022-09-25 16:00:53,209 DEBUG [main] cache:45 - TemplateLoader.findTemplateSource("Extent.ftl"): Found
2022-09-25 16:00:53,209 DEBUG [main] cache:45 - Loading template for "Extent.ftl"("en_US", UTF-8, parsed) from "jar:file:/C:/Users/Admin/.m2/repository/com/relevantcodes/extentreports/2.41.2/extentreports-2.41.2.jar!/com/relevantcodes/extentreports/view/Extent.ftl"
2022-09-25 16:06:55,630 DEBUG [main] cache:45 - Couldn't find template in cache for "Extent.ftl"("en_US", UTF-8, parsed); will try to load it.
2022-09-25 16:06:55,630 DEBUG [main] cache:45 - TemplateLoader.findTemplateSource("Extent_en_US.ftl"): Not found
2022-09-25 16:06:55,630 DEBUG [main] cache:45 - TemplateLoader.findTemplateSource("Extent_en.ftl"): Not found
2022-09-25 16:06:55,630 DEBUG [main] cache:45 - TemplateLoader.findTemplateSource("Extent.ftl"): Found
2022-09-25 16:06:55,630 DEBUG [main] cache:45 - Loading template for "Extent.ftl"("en_US", UTF-8, parsed) from "jar:file:/C:/Users/Admin/.m2/repository/com/relevantcodes/extentreports/2.41.2/extentreports-2.41.2.jar!/com/relevantcodes/extentreports/view/Extent.ftl"
2022-09-25 16:06:55,915 DEBUG [main] cache:45 - Couldn't find template in cache for "Extent.ftl"("en_US", UTF-8, parsed); will try to load it.
2022-09-25 16:06:55,915 DEBUG [main] cache:45 - TemplateLoader.findTemplateSource("Extent_en_US.ftl"): Not found
2022-09-25 16:06:55,915 DEBUG [main] cache:45 - TemplateLoader.findTemplateSource("Extent_en.ftl"): Not found
2022-09-25 16:06:55,917 DEBUG [main] cache:45 - TemplateLoader.findTemplateSource("Extent.ftl"): Found
2022-09-25 16:06:55,917 DEBUG [main] cache:45 - Loading template for "Extent.ftl"("en_US", UTF-8, parsed) from "jar:file:/C:/Users/Admin/.m2/repository/com/relevantcodes/extentreports/2.41.2/extentreports-2.41.2.jar!/com/relevantcodes/extentreports/view/Extent.ftl"
2022-09-25 16:08:53,920 DEBUG [main] cache:45 - Couldn't find template in cache for "Extent.ftl"("en_US", UTF-8, parsed); will try to load it.
2022-09-25 16:08:53,920 DEBUG [main] cache:45 - TemplateLoader.findTemplateSource("Extent_en_US.ftl"): Not found
2022-09-25 16:08:53,935 DEBUG [main] cache:45 - TemplateLoader.findTemplateSource("Extent_en.ftl"): Not found
2022-09-25 16:08:53,935 DEBUG [main] cache:45 - TemplateLoader.findTemplateSource("Extent.ftl"): Found
2022-09-25 16:08:53,935 DEBUG [main] cache:45 - Loading template for "Extent.ftl"("en_US", UTF-8, parsed) from "jar:file:/C:/Users/Admin/.m2/repository/com/relevantcodes/extentreports/2.41.2/extentreports-2.41.2.jar!/com/relevantcodes/extentreports/view/Extent.ftl"
2022-09-25 16:08:54,233 DEBUG [main] cache:45 - Couldn't find template in cache for "Extent.ftl"("en_US", UTF-8, parsed); will try to load it.
2022-09-25 16:08:54,233 DEBUG [main] cache:45 - TemplateLoader.findTemplateSource("Extent_en_US.ftl"): Not found
2022-09-25 16:08:54,233 DEBUG [main] cache:45 - TemplateLoader.findTemplateSource("Extent_en.ftl"): Not found
2022-09-25 16:08:54,233 DEBUG [main] cache:45 - TemplateLoader.findTemplateSource("Extent.ftl"): Found
2022-09-25 16:08:54,233 DEBUG [main] cache:45 - Loading template for "Extent.ftl"("en_US", UTF-8, parsed) from "jar:file:/C:/Users/Admin/.m2/repository/com/relevantcodes/extentreports/2.41.2/extentreports-2.41.2.jar!/com/relevantcodes/extentreports/view/Extent.ftl"
2022-09-25 16:11:39,796 DEBUG [main] cache:45 - Couldn't find template in cache for "Extent.ftl"("en_US", UTF-8, parsed); will try to load it.
2022-09-25 16:11:39,796 DEBUG [main] cache:45 - TemplateLoader.findTemplateSource("Extent_en_US.ftl"): Not found
2022-09-25 16:11:39,806 DEBUG [main] cache:45 - TemplateLoader.findTemplateSource("Extent_en.ftl"): Not found
2022-09-25 16:11:39,806 DEBUG [main] cache:45 - TemplateLoader.findTemplateSource("Extent.ftl"): Found
2022-09-25 16:11:39,806 DEBUG [main] cache:45 - Loading template for "Extent.ftl"("en_US", UTF-8, parsed) from "jar:file:/C:/Users/Admin/.m2/repository/com/relevantcodes/extentreports/2.41.2/extentreports-2.41.2.jar!/com/relevantcodes/extentreports/view/Extent.ftl"
2022-09-25 16:11:40,229 DEBUG [main] cache:45 - Couldn't find template in cache for "Extent.ftl"("en_US", UTF-8, parsed); will try to load it.
2022-09-25 16:11:40,229 DEBUG [main] cache:45 - TemplateLoader.findTemplateSource("Extent_en_US.ftl"): Not found
2022-09-25 16:11:40,229 DEBUG [main] cache:45 - TemplateLoader.findTemplateSource("Extent_en.ftl"): Not found
2022-09-25 16:11:40,229 DEBUG [main] cache:45 - TemplateLoader.findTemplateSource("Extent.ftl"): Found
2022-09-25 16:11:40,229 DEBUG [main] cache:45 - Loading template for "Extent.ftl"("en_US", UTF-8, parsed) from "jar:file:/C:/Users/Admin/.m2/repository/com/relevantcodes/extentreports/2.41.2/extentreports-2.41.2.jar!/com/relevantcodes/extentreports/view/Extent.ftl"
2022-09-25 16:20:33,135 DEBUG [main] cache:45 - Couldn't find template in cache for "Extent.ftl"("en_US", UTF-8, parsed); will try to load it.
2022-09-25 16:20:33,135 DEBUG [main] cache:45 - TemplateLoader.findTemplateSource("Extent_en_US.ftl"): Not found
2022-09-25 16:20:33,135 DEBUG [main] cache:45 - TemplateLoader.findTemplateSource("Extent_en.ftl"): Not found
2022-09-25 16:20:33,135 DEBUG [main] cache:45 - TemplateLoader.findTemplateSource("Extent.ftl"): Found
2022-09-25 16:20:33,135 DEBUG [main] cache:45 - Loading template for "Extent.ftl"("en_US", UTF-8, parsed) from "jar:file:/C:/Users/Admin/.m2/repository/com/relevantcodes/extentreports/2.41.2/extentreports-2.41.2.jar!/com/relevantcodes/extentreports/view/Extent.ftl"
2022-09-25 16:20:33,436 DEBUG [main] cache:45 - Couldn't find template in cache for "Extent.ftl"("en_US", UTF-8, parsed); will try to load it.
2022-09-25 16:20:33,436 DEBUG [main] cache:45 - TemplateLoader.findTemplateSource("Extent_en_US.ftl"): Not found
2022-09-25 16:20:33,436 DEBUG [main] cache:45 - TemplateLoader.findTemplateSource("Extent_en.ftl"): Not found
2022-09-25 16:20:33,436 DEBUG [main] cache:45 - TemplateLoader.findTemplateSource("Extent.ftl"): Found
2022-09-25 16:20:33,436 DEBUG [main] cache:45 - Loading template for "Extent.ftl"("en_US", UTF-8, parsed) from "jar:file:/C:/Users/Admin/.m2/repository/com/relevantcodes/extentreports/2.41.2/extentreports-2.41.2.jar!/com/relevantcodes/extentreports/view/Extent.ftl"
2022-09-25 16:23:34,693 DEBUG [main] cache:45 - Couldn't find template in cache for "Extent.ftl"("en_US", UTF-8, parsed); will try to load it.
2022-09-25 16:23:34,697 DEBUG [main] cache:45 - TemplateLoader.findTemplateSource("Extent_en_US.ftl"): Not found
2022-09-25 16:23:34,697 DEBUG [main] cache:45 - TemplateLoader.findTemplateSource("Extent_en.ftl"): Not found
2022-09-25 16:23:34,701 DEBUG [main] cache:45 - TemplateLoader.findTemplateSource("Extent.ftl"): Found
2022-09-25 16:23:34,701 DEBUG [main] cache:45 - Loading template for "Extent.ftl"("en_US", UTF-8, parsed) from "jar:file:/C:/Users/Admin/.m2/repository/com/relevantcodes/extentreports/2.41.2/extentreports-2.41.2.jar!/com/relevantcodes/extentreports/view/Extent.ftl"
2022-09-25 16:23:35,091 DEBUG [main] cache:45 - Couldn't find template in cache for "Extent.ftl"("en_US", UTF-8, parsed); will try to load it.
2022-09-25 16:23:35,091 DEBUG [main] cache:45 - TemplateLoader.findTemplateSource("Extent_en_US.ftl"): Not found
2022-09-25 16:23:35,091 DEBUG [main] cache:45 - TemplateLoader.findTemplateSource("Extent_en.ftl"): Not found
2022-09-25 16:23:35,095 DEBUG [main] cache:45 - TemplateLoader.findTemplateSource("Extent.ftl"): Found
2022-09-25 16:23:35,095 DEBUG [main] cache:45 - Loading template for "Extent.ftl"("en_US", UTF-8, parsed) from "jar:file:/C:/Users/Admin/.m2/repository/com/relevantcodes/extentreports/2.41.2/extentreports-2.41.2.jar!/com/relevantcodes/extentreports/view/Extent.ftl"
2022-09-25 16:28:35,335 DEBUG [main] cache:45 - Couldn't find template in cache for "Extent.ftl"("en_US", UTF-8, parsed); will try to load it.
2022-09-25 16:28:35,351 DEBUG [main] cache:45 - TemplateLoader.findTemplateSource("Extent_en_US.ftl"): Not found
2022-09-25 16:28:35,351 DEBUG [main] cache:45 - TemplateLoader.findTemplateSource("Extent_en.ftl"): Not found
2022-09-25 16:28:35,351 DEBUG [main] cache:45 - TemplateLoader.findTemplateSource("Extent.ftl"): Found
2022-09-25 16:28:35,351 DEBUG [main] cache:45 - Loading template for "Extent.ftl"("en_US", UTF-8, parsed) from "jar:file:/C:/Users/Admin/.m2/repository/com/relevantcodes/extentreports/2.41.2/extentreports-2.41.2.jar!/com/relevantcodes/extentreports/view/Extent.ftl"
2022-09-25 16:28:35,713 DEBUG [main] cache:45 - Couldn't find template in cache for "Extent.ftl"("en_US", UTF-8, parsed); will try to load it.
2022-09-25 16:28:35,713 DEBUG [main] cache:45 - TemplateLoader.findTemplateSource("Extent_en_US.ftl"): Not found
2022-09-25 16:28:35,713 DEBUG [main] cache:45 - TemplateLoader.findTemplateSource("Extent_en.ftl"): Not found
2022-09-25 16:28:35,713 DEBUG [main] cache:45 - TemplateLoader.findTemplateSource("Extent.ftl"): Found
2022-09-25 16:28:35,713 DEBUG [main] cache:45 - Loading template for "Extent.ftl"("en_US", UTF-8, parsed) from "jar:file:/C:/Users/Admin/.m2/repository/com/relevantcodes/extentreports/2.41.2/extentreports-2.41.2.jar!/com/relevantcodes/extentreports/view/Extent.ftl"
2022-09-25 16:56:11,437 DEBUG [main] cache:45 - Couldn't find template in cache for "Extent.ftl"("en_US", UTF-8, parsed); will try to load it.
2022-09-25 16:56:11,440 DEBUG [main] cache:45 - TemplateLoader.findTemplateSource("Extent_en_US.ftl"): Not found
2022-09-25 16:56:11,443 DEBUG [main] cache:45 - TemplateLoader.findTemplateSource("Extent_en.ftl"): Not found
2022-09-25 16:56:11,445 DEBUG [main] cache:45 - TemplateLoader.findTemplateSource("Extent.ftl"): Found
2022-09-25 16:56:11,446 DEBUG [main] cache:45 - Loading template for "Extent.ftl"("en_US", UTF-8, parsed) from "jar:file:/C:/Users/Admin/.m2/repository/com/relevantcodes/extentreports/2.41.2/extentreports-2.41.2.jar!/com/relevantcodes/extentreports/view/Extent.ftl"
2022-09-25 16:56:11,776 DEBUG [main] cache:45 - Couldn't find template in cache for "Extent.ftl"("en_US", UTF-8, parsed); will try to load it.
2022-09-25 16:56:11,777 DEBUG [main] cache:45 - TemplateLoader.findTemplateSource("Extent_en_US.ftl"): Not found
2022-09-25 16:56:11,778 DEBUG [main] cache:45 - TemplateLoader.findTemplateSource("Extent_en.ftl"): Not found
2022-09-25 16:56:11,779 DEBUG [main] cache:45 - TemplateLoader.findTemplateSource("Extent.ftl"): Found
2022-09-25 16:56:11,779 DEBUG [main] cache:45 - Loading template for "Extent.ftl"("en_US", UTF-8, parsed) from "jar:file:/C:/Users/Admin/.m2/repository/com/relevantcodes/extentreports/2.41.2/extentreports-2.41.2.jar!/com/relevantcodes/extentreports/view/Extent.ftl"
2022-09-25 17:01:38,362 DEBUG [main] cache:45 - Couldn't find template in cache for "Extent.ftl"("en_US", UTF-8, parsed); will try to load it.
2022-09-25 17:01:38,367 DEBUG [main] cache:45 - TemplateLoader.findTemplateSource("Extent_en_US.ftl"): Not found
2022-09-25 17:01:38,370 DEBUG [main] cache:45 - TemplateLoader.findTemplateSource("Extent_en.ftl"): Not found
2022-09-25 17:01:38,372 DEBUG [main] cache:45 - TemplateLoader.findTemplateSource("Extent.ftl"): Found
2022-09-25 17:01:38,373 DEBUG [main] cache:45 - Loading template for "Extent.ftl"("en_US", UTF-8, parsed) from "jar:file:/C:/Users/Admin/.m2/repository/com/relevantcodes/extentreports/2.41.2/extentreports-2.41.2.jar!/com/relevantcodes/extentreports/view/Extent.ftl"
2022-09-25 17:01:38,803 DEBUG [main] cache:45 - Couldn't find template in cache for "Extent.ftl"("en_US", UTF-8, parsed); will try to load it.
2022-09-25 17:01:38,804 DEBUG [main] cache:45 - TemplateLoader.findTemplateSource("Extent_en_US.ftl"): Not found
2022-09-25 17:01:38,804 DEBUG [main] cache:45 - TemplateLoader.findTemplateSource("Extent_en.ftl"): Not found
2022-09-25 17:01:38,805 DEBUG [main] cache:45 - TemplateLoader.findTemplateSource("Extent.ftl"): Found
2022-09-25 17:01:38,806 DEBUG [main] cache:45 - Loading template for "Extent.ftl"("en_US", UTF-8, parsed) from "jar:file:/C:/Users/Admin/.m2/repository/com/relevantcodes/extentreports/2.41.2/extentreports-2.41.2.jar!/com/relevantcodes/extentreports/view/Extent.ftl"
2022-09-25 17:08:27,385 DEBUG [main] cache:45 - Couldn't find template in cache for "Extent.ftl"("en_US", UTF-8, parsed); will try to load it.
2022-09-25 17:08:27,389 DEBUG [main] cache:45 - TemplateLoader.findTemplateSource("Extent_en_US.ftl"): Not found
2022-09-25 17:08:27,391 DEBUG [main] cache:45 - TemplateLoader.findTemplateSource("Extent_en.ftl"): Not found
2022-09-25 17:08:27,392 DEBUG [main] cache:45 - TemplateLoader.findTemplateSource("Extent.ftl"): Found
2022-09-25 17:08:27,393 DEBUG [main] cache:45 - Loading template for "Extent.ftl"("en_US", UTF-8, parsed) from "jar:file:/C:/Users/Admin/.m2/repository/com/relevantcodes/extentreports/2.41.2/extentreports-2.41.2.jar!/com/relevantcodes/extentreports/view/Extent.ftl"
2022-09-25 17:08:27,744 DEBUG [main] cache:45 - Couldn't find template in cache for "Extent.ftl"("en_US", UTF-8, parsed); will try to load it.
2022-09-25 17:08:27,745 DEBUG [main] cache:45 - TemplateLoader.findTemplateSource("Extent_en_US.ftl"): Not found
2022-09-25 17:08:27,745 DEBUG [main] cache:45 - TemplateLoader.findTemplateSource("Extent_en.ftl"): Not found
2022-09-25 17:08:27,746 DEBUG [main] cache:45 - TemplateLoader.findTemplateSource("Extent.ftl"): Found
2022-09-25 17:08:27,747 DEBUG [main] cache:45 - Loading template for "Extent.ftl"("en_US", UTF-8, parsed) from "jar:file:/C:/Users/Admin/.m2/repository/com/relevantcodes/extentreports/2.41.2/extentreports-2.41.2.jar!/com/relevantcodes/extentreports/view/Extent.ftl"
2022-09-25 23:16:30,029 DEBUG [main] cache:45 - Couldn't find template in cache for "Extent.ftl"("en_US", UTF-8, parsed); will try to load it.
2022-09-25 23:16:30,049 DEBUG [main] cache:45 - TemplateLoader.findTemplateSource("Extent_en_US.ftl"): Not found
2022-09-25 23:16:30,052 DEBUG [main] cache:45 - TemplateLoader.findTemplateSource("Extent_en.ftl"): Not found
2022-09-25 23:16:30,054 DEBUG [main] cache:45 - TemplateLoader.findTemplateSource("Extent.ftl"): Found
2022-09-25 23:16:30,054 DEBUG [main] cache:45 - Loading template for "Extent.ftl"("en_US", UTF-8, parsed) from "jar:file:/C:/Users/Admin/.m2/repository/com/relevantcodes/extentreports/2.41.2/extentreports-2.41.2.jar!/com/relevantcodes/extentreports/view/Extent.ftl"
2022-09-25 23:16:30,418 DEBUG [main] cache:45 - Couldn't find template in cache for "Extent.ftl"("en_US", UTF-8, parsed); will try to load it.
2022-09-25 23:16:30,419 DEBUG [main] cache:45 - TemplateLoader.findTemplateSource("Extent_en_US.ftl"): Not found
2022-09-25 23:16:30,420 DEBUG [main] cache:45 - TemplateLoader.findTemplateSource("Extent_en.ftl"): Not found
2022-09-25 23:16:30,420 DEBUG [main] cache:45 - TemplateLoader.findTemplateSource("Extent.ftl"): Found
2022-09-25 23:16:30,420 DEBUG [main] cache:45 - Loading template for "Extent.ftl"("en_US", UTF-8, parsed) from "jar:file:/C:/Users/Admin/.m2/repository/com/relevantcodes/extentreports/2.41.2/extentreports-2.41.2.jar!/com/relevantcodes/extentreports/view/Extent.ftl"
2022-09-25 23:30:20,890 DEBUG [main] cache:45 - Couldn't find template in cache for "Extent.ftl"("en_US", UTF-8, parsed); will try to load it.
2022-09-25 23:30:20,901 DEBUG [main] cache:45 - TemplateLoader.findTemplateSource("Extent_en_US.ftl"): Not found
2022-09-25 23:30:20,904 DEBUG [main] cache:45 - TemplateLoader.findTemplateSource("Extent_en.ftl"): Not found
2022-09-25 23:30:20,907 DEBUG [main] cache:45 - TemplateLoader.findTemplateSource("Extent.ftl"): Found
2022-09-25 23:30:20,908 DEBUG [main] cache:45 - Loading template for "Extent.ftl"("en_US", UTF-8, parsed) from "jar:file:/C:/Users/Admin/.m2/repository/com/relevantcodes/extentreports/2.41.2/extentreports-2.41.2.jar!/com/relevantcodes/extentreports/view/Extent.ftl"
2022-09-25 23:30:21,431 DEBUG [main] cache:45 - Couldn't find template in cache for "Extent.ftl"("en_US", UTF-8, parsed); will try to load it.
2022-09-25 23:30:21,432 DEBUG [main] cache:45 - TemplateLoader.findTemplateSource("Extent_en_US.ftl"): Not found
2022-09-25 23:30:21,433 DEBUG [main] cache:45 - TemplateLoader.findTemplateSource("Extent_en.ftl"): Not found
2022-09-25 23:30:21,434 DEBUG [main] cache:45 - TemplateLoader.findTemplateSource("Extent.ftl"): Found
2022-09-25 23:30:21,435 DEBUG [main] cache:45 - Loading template for "Extent.ftl"("en_US", UTF-8, parsed) from "jar:file:/C:/Users/Admin/.m2/repository/com/relevantcodes/extentreports/2.41.2/extentreports-2.41.2.jar!/com/relevantcodes/extentreports/view/Extent.ftl"
